TN:
SF:server.js
FNF:0
FNH:0
DA:1,2
DA:2,2
DA:3,2
DA:4,2
DA:5,2
DA:6,2
DA:7,2
DA:9,2
DA:11,2
DA:12,2
DA:13,2
DA:14,2
DA:15,2
DA:16,2
DA:17,2
DA:18,2
DA:20,2
DA:21,2
DA:22,0
DA:28,2
DA:29,0
DA:32,2
DA:33,2
DA:34,2
DA:35,2
DA:37,2
DA:38,2
LF:27
LH:25
BRDA:21,0,0,0
BRDA:21,0,1,2
BRDA:28,1,0,0
BRDA:28,1,1,2
DA:1,1
DA:3,1
DA:4,0
DA:7,1
DA:1,2
DA:3,2
DA:4,0
DA:7,2
DA:8,0
LF:5
LH:3
BRF:0
BRH:0
end_of_record
TN:
SF:backend\events.js
FNF:0
FNH:0
LF:1
LH:1
BRF:0
BRH:0
end_of_record
TN:
SF:backend\index.js
FN:1,(anonymous_0)
FNF:1
FNH:0
FNDA:0,(anonymous_0)
DA:2,0
LF:2
LH:1
BRF:0
BRH:0
end_of_record
